<?xml version="1.0" encoding="UTF-8"?>
<!-- Generated by org.testng.reporters.JUnitReportReporter -->
<testsuite skipped="0" hostname="DESKTOP-4VBBEJ4" name="org.logout.Employee" tests="2" failures="0" timestamp="2022-10-19T10:41:22 IST" time="0.003" errors="0">
  <testcase name="tc3" time="0.001" classname="org.logout.Employee"/>
  <system-out/>
  <testcase name="tc2" time="0.002" classname="org.logout.Employee"/>
  <system-out/>
</testsuite> <!-- org.logout.Employee -->
